<?xml version="1.0" encoding="UTF-8"?>
<!-- Generated by org.testng.reporters.JUnitReportReporter -->
<testsuite hostname="DESKTOP-DLOSR1I" failures="0" tests="4" name="testscripts.regression.LoginValidationdemo2" time="231.691" errors="0" timestamp="2024-01-19T09:23:43 IST" skipped="0">
  <testcase classname="testscripts.regression.LoginValidationdemo2" name="loginValidation" time="52.623"/>
  <testcase classname="testscripts.regression.LoginValidationdemo2" name="loginValidation" time="75.707"/>
  <testcase classname="testscripts.regression.LoginValidationdemo2" name="loginValidation" time="49.233"/>
  <testcase classname="testscripts.regression.LoginValidationdemo2" name="loginValidation" time="54.128"/>
</testsuite> <!-- testscripts.regression.LoginValidationdemo2 -->
