<?xml version="1.0" encoding="UTF-8"?>
<!-- Generated by org.testng.reporters.JUnitReportReporter -->
<testsuite hostname="DESKTOP-DLOSR1I" failures="0" tests="1" name="testscripts.regression.ValidateLoginusingPOM" time="29.389" errors="0" timestamp="2024-02-15T10:10:07 IST" skipped="0">
  <testcase classname="testscripts.regression.ValidateLoginusingPOM" name="validateLoginTest" time="29.389"/>
</testsuite> <!-- testscripts.regression.ValidateLoginusingPOM -->
