<?xml version="1.0" encoding="UTF-8"?>
<!-- Generated by org.testng.reporters.JUnitReportReporter -->
<testsuite hostname="DESKTOP-DLOSR1I" failures="0" tests="1" name="testscripts.regression.LoginValidationdemoExcel" time="10.625" errors="0" timestamp="2024-07-08T12:20:12 IST" skipped="0">
  <testcase classname="testscripts.regression.LoginValidationdemoExcel" name="loginValidation" time="10.625"/>
</testsuite> <!-- testscripts.regression.LoginValidationdemoExcel -->
