<?xml version="1.0" encoding="UTF-8"?>
<!-- Generated by org.testng.reporters.JUnitReportReporter -->
<testsuite hostname="DESKTOP-DLOSR1I" failures="0" tests="1" name="testscripts.regression.ValidateLoginKeyWords2" time="20.119" errors="0" timestamp="2024-01-29T18:27:31 IST" skipped="0">
  <testcase classname="testscripts.regression.ValidateLoginKeyWords2" name="validateLoginTest" time="20.119"/>
</testsuite> <!-- testscripts.regression.ValidateLoginKeyWords2 -->
