<?xml version="1.0" encoding="UTF-8"?>
<!-- Generated by org.testng.reporters.JUnitReportReporter -->
<testsuite hostname="DESKTOP-DLOSR1I" failures="0" tests="1" name="testscripts.regression.ValidateRegistrationUsingHybrid" time="15.309" errors="0" timestamp="2024-02-13T09:04:52 IST" skipped="0">
  <testcase classname="testscripts.regression.ValidateRegistrationUsingHybrid" name="validateRegistrationTest" time="15.309"/>
</testsuite> <!-- testscripts.regression.ValidateRegistrationUsingHybrid -->
